<?xml version="1.0" encoding="UTF-8"?>
<!-- Generated by org.testng.reporters.JUnitReportReporter -->
<testsuite hostname="DESKTOP-1174PKU" failures="0" tests="1" name="Home.DWS_Home_06_Test" time="12.278" errors="0" timestamp="2023-11-03T12:22:26 IST" skipped="0">
  <testcase classname="Home.DWS_Home_06_Test" name="Remove_the_product_from_comparelist" time="12.278"/>
  <system-out/>
</testsuite> <!-- Home.DWS_Home_06_Test -->
