<?xml version="1.0" encoding="UTF-8"?>
<!-- Generated by org.testng.reporters.JUnitReportReporter -->
<testsuite hostname="DESKTOP-1174PKU" failures="0" tests="1" name="Jewelry.DWS_Jewelry_10_Test" time="5.303" errors="0" timestamp="2023-11-03T12:25:51 IST" skipped="0">
  <testcase classname="Jewelry.DWS_Jewelry_10_Test" name="Verify_User_can_able_to_remove_the_product_from_wishlist" time="5.303"/>
  <system-out/>
</testsuite> <!-- Jewelry.DWS_Jewelry_10_Test -->
