<?xml version="1.0" encoding="UTF-8"?>
<!-- Generated by org.testng.reporters.JUnitReportReporter -->
<testsuite hostname="DESKTOP-1174PKU" failures="0" tests="1" name="frameworkWorkCheck.ExcellUtilityCheck" time="0.000" errors="0" timestamp="2023-11-02T18:25:36 IST" skipped="1">
  <testcase classname="frameworkWorkCheck.ExcellUtilityCheck" name="readData" time="0.000">
    <skipped/>
  </testcase> <!-- readData -->
  <system-out/>
</testsuite> <!-- frameworkWorkCheck.ExcellUtilityCheck -->
