<?xml version="1.0" encoding="UTF-8"?>
<!-- Generated by org.testng.reporters.JUnitReportReporter -->
<testsuite hostname="DESKTOP-1174PKU" failures="0" tests="1" name="Home.DWS_Home_08_Test" time="6.032" errors="0" timestamp="2023-11-03T12:24:20 IST" skipped="0">
  <testcase classname="Home.DWS_Home_08_Test" name="Verify_whethere_user_is_getting_error_message_while_sending_mail_Registering" time="6.032"/>
  <system-out/>
</testsuite> <!-- Home.DWS_Home_08_Test -->
