<?xml version="1.0" encoding="UTF-8"?>
<!-- Generated by org.testng.reporters.JUnitReportReporter -->
<testsuite hostname="DESKTOP-1174PKU" failures="0" tests="1" name="Home.DWS_Home_05_Test" time="8.064" errors="0" timestamp="2023-11-03T12:55:29 IST" skipped="0">
  <testcase classname="Home.DWS_Home_05_Test" name="Add_product_from_DeskTop_and_add_to_comparelist" time="8.064"/>
  <system-out/>
</testsuite> <!-- Home.DWS_Home_05_Test -->
