<?xml version="1.0" encoding="UTF-8"?>
<!-- Generated by org.testng.reporters.JUnitReportReporter -->
<testsuite hostname="DESKTOP-1174PKU" failures="0" tests="1" name="Jewelry.DWS_Jewelry_09_Test" time="4.942" errors="0" timestamp="2023-11-03T12:24:55 IST" skipped="0">
  <testcase classname="Jewelry.DWS_Jewelry_09_Test" name="Verify_user_can_able_to_add_Jewelry_product_to_wishlist" time="4.942"/>
  <system-out/>
</testsuite> <!-- Jewelry.DWS_Jewelry_09_Test -->
