<?xml version="1.0" encoding="UTF-8"?>
<!-- Generated by org.testng.reporters.JUnitReportReporter -->
<testsuite hostname="DESKTOP-1174PKU" failures="0" tests="1" name="Home.DWS_Home_07_Test" time="2.922" errors="0" timestamp="2023-11-03T12:23:45 IST" skipped="0">
  <testcase classname="Home.DWS_Home_07_Test" name="Verify_whether_the_product_is_displaying_as_per_filter_for_jewellery" time="2.922"/>
  <system-out/>
</testsuite> <!-- Home.DWS_Home_07_Test -->
